<?xml version="1.0" encoding="UTF-8"?>
<!-- Generated by org.testng.reporters.JUnitXMLReporter -->
<testsuite ignored="0" hostname="LAPTOP-DN31N8B6" failures="0" tests="5" name="Default test" time="2.508" errors="0" timestamp="2021-02-26T10:33:34 IST">
  <testcase classname="allMethods" name="get_Test" time="2.295"/>
  <testcase classname="allMethods" name="post_Test" time="0.072"/>
  <testcase classname="allMethods" name="patch_Test" time="0.032"/>
  <testcase classname="allMethods" name="put_Test" time="0.025"/>
  <testcase classname="allMethods" name="delete_Test" time="0.023"/>
</testsuite> <!-- Default test -->
