<?xml version="1.0" encoding="UTF-8"?>
<testng-results ignored="0" total="5" passed="5" failed="0" skipped="0">
  <reporter-output>
  </reporter-output>
  <suite started-at="2021-02-26T09:51:13 IST" name="Default suite" finished-at="2021-02-26T09:51:15 IST" duration-ms="2237">
    <groups>
    </groups>
    <test started-at="2021-02-26T09:51:13 IST" name="Default test" finished-at="2021-02-26T09:51:15 IST" duration-ms="2237">
      <class name="allMethods">
        <test-method signature="get_Test()[pri:1, instance:allMethods@61d6015a]" started-at="2021-02-26T09:51:13 IST" name="get_Test" finished-at="2021-02-26T09:51:15 IST" duration-ms="2015" status="PASS">
          <reporter-output>
          </reporter-output>
        </test-method> <!-- get_Test -->
        <test-method signature="post_Test()[pri:2, instance:allMethods@61d6015a]" started-at="2021-02-26T09:51:15 IST" name="post_Test" finished-at="2021-02-26T09:51:15 IST" duration-ms="84" status="PASS">
          <reporter-output>
          </reporter-output>
        </test-method> <!-- post_Test -->
        <test-method signature="patch_Test()[pri:3, instance:allMethods@61d6015a]" started-at="2021-02-26T09:51:15 IST" name="patch_Test" finished-at="2021-02-26T09:51:15 IST" duration-ms="28" status="PASS">
          <reporter-output>
          </reporter-output>
        </test-method> <!-- patch_Test -->
        <test-method signature="put_Test()[pri:4, instance:allMethods@61d6015a]" started-at="2021-02-26T09:51:15 IST" name="put_Test" finished-at="2021-02-26T09:51:15 IST" duration-ms="32" status="PASS">
          <reporter-output>
          </reporter-output>
        </test-method> <!-- put_Test -->
        <test-method signature="delete_Test()[pri:5, instance:allMethods@61d6015a]" started-at="2021-02-26T09:51:15 IST" name="delete_Test" finished-at="2021-02-26T09:51:15 IST" duration-ms="27" status="PASS">
          <reporter-output>
          </reporter-output>
        </test-method> <!-- delete_Test -->
      </class> <!-- allMethods -->
    </test> <!-- Default test -->
  </suite> <!-- Default suite -->
</testng-results>
